2026-06-19 19:25:13,401 [ERROR] django.request: SMOKE TEST: simulated 5xx from shell at startup
2026-06-19 19:25:13,402 [ERROR] todos: SMOKE TEST: app-level error
2026-06-21 18:28:20,403 [ERROR] django.security.DisallowedHost: Invalid HTTP_HOST header: 'localhost:8000'. You may need to add 'localhost' to ALLOWED_HOSTS.
Traceback (most recent call last):
  File "/Users/beauhall/.pyenv/versions/3.12.7/lib/python3.12/site-packages/django/core/handlers/exception.py", line 55, in inner
    response = get_response(request)
               ^^^^^^^^^^^^^^^^^^^^^
  File "/Users/beauhall/.pyenv/versions/3.12.7/lib/python3.12/site-packages/django/utils/deprecation.py", line 133, in __call__
    response = self.process_request(request)
               ^^^^^^^^^^^^^^^^^^^^^^^^^^^^^
  File "/Users/beauhall/.pyenv/versions/3.12.7/lib/python3.12/site-packages/django/middleware/common.py", line 48, in process_request
    host = request.get_host()
           ^^^^^^^^^^^^^^^^^^
  File "/Users/beauhall/.pyenv/versions/3.12.7/lib/python3.12/site-packages/django/http/request.py", line 167, in get_host
    raise DisallowedHost(msg)
django.core.exceptions.DisallowedHost: Invalid HTTP_HOST header: 'localhost:8000'. You may need to add 'localhost' to ALLOWED_HOSTS.
2026-06-21 18:28:21,123 [ERROR] django.security.DisallowedHost: Invalid HTTP_HOST header: 'localhost:8000'. You may need to add 'localhost' to ALLOWED_HOSTS.
Traceback (most recent call last):
  File "/Users/beauhall/.pyenv/versions/3.12.7/lib/python3.12/site-packages/django/core/handlers/exception.py", line 55, in inner
    response = get_response(request)
               ^^^^^^^^^^^^^^^^^^^^^
  File "/Users/beauhall/.pyenv/versions/3.12.7/lib/python3.12/site-packages/django/utils/deprecation.py", line 133, in __call__
    response = self.process_request(request)
               ^^^^^^^^^^^^^^^^^^^^^^^^^^^^^
  File "/Users/beauhall/.pyenv/versions/3.12.7/lib/python3.12/site-packages/django/middleware/common.py", line 48, in process_request
    host = request.get_host()
           ^^^^^^^^^^^^^^^^^^
  File "/Users/beauhall/.pyenv/versions/3.12.7/lib/python3.12/site-packages/django/http/request.py", line 167, in get_host
    raise DisallowedHost(msg)
django.core.exceptions.DisallowedHost: Invalid HTTP_HOST header: 'localhost:8000'. You may need to add 'localhost' to ALLOWED_HOSTS.
2026-06-21 18:29:50,319 [ERROR] django.request: Internal Server Error: /
Traceback (most recent call last):
  File "/Users/beauhall/.pyenv/versions/3.12.7/lib/python3.12/site-packages/django/template/base.py", line 505, in parse
    compile_func = self.tags[command]
                   ~~~~~~~~~^^^^^^^^^
KeyError: 'querystring'

During handling of the above exception, another exception occurred:

Traceback (most recent call last):
  File "/Users/beauhall/.pyenv/versions/3.12.7/lib/python3.12/site-packages/django/core/handlers/exception.py", line 55, in inner
    response = get_response(request)
               ^^^^^^^^^^^^^^^^^^^^^
  File "/Users/beauhall/.pyenv/versions/3.12.7/lib/python3.12/site-packages/django/core/handlers/base.py", line 197, in _get_response
    response = wrapped_callback(request, *callback_args, **callback_kwargs)
               ^^^^^^^^^^^^^^^^^^^^^^^^^^^^^^^^^^^^^^^^^^^^^^^^^^^^^^^^^^^^
  File "/Users/beauhall/.pyenv/versions/3.12.7/lib/python3.12/site-packages/django/contrib/auth/decorators.py", line 23, in _wrapper_view
    return view_func(request, *args, **kwargs)
           ^^^^^^^^^^^^^^^^^^^^^^^^^^^^^^^^^^^
  File "/Users/beauhall/projects/todo/todos/views.py", line 114, in todo_list
    return render(request, 'todos/list.html', _list_context(request))
           ^^^^^^^^^^^^^^^^^^^^^^^^^^^^^^^^^^^^^^^^^^^^^^^^^^^^^^^^^^
  File "/Users/beauhall/.pyenv/versions/3.12.7/lib/python3.12/site-packages/django/shortcuts.py", line 24, in render
    content = loader.render_to_string(template_name, context, request, using=using)
              ^^^^^^^^^^^^^^^^^^^^^^^^^^^^^^^^^^^^^^^^^^^^^^^^^^^^^^^^^^^^^^^^^^^^^
  File "/Users/beauhall/.pyenv/versions/3.12.7/lib/python3.12/site-packages/django/template/loader.py", line 61, in render_to_string
    template = get_template(template_name, using=using)
               ^^^^^^^^^^^^^^^^^^^^^^^^^^^^^^^^^^^^^^^^
  File "/Users/beauhall/.pyenv/versions/3.12.7/lib/python3.12/site-packages/django/template/loader.py", line 15, in get_template
    return engine.get_template(template_name)
           ^^^^^^^^^^^^^^^^^^^^^^^^^^^^^^^^^^
  File "/Users/beauhall/.pyenv/versions/3.12.7/lib/python3.12/site-packages/django/template/backends/django.py", line 33, in get_template
    return Template(self.engine.get_template(template_name), self)
                    ^^^^^^^^^^^^^^^^^^^^^^^^^^^^^^^^^^^^^^^
  File "/Users/beauhall/.pyenv/versions/3.12.7/lib/python3.12/site-packages/django/template/engine.py", line 175, in get_template
    template, origin = self.find_template(template_name)
                       ^^^^^^^^^^^^^^^^^^^^^^^^^^^^^^^^^
  File "/Users/beauhall/.pyenv/versions/3.12.7/lib/python3.12/site-packages/django/template/engine.py", line 157, in find_template
    template = loader.get_template(name, skip=skip)
               ^^^^^^^^^^^^^^^^^^^^^^^^^^^^^^^^^^^^
  File "/Users/beauhall/.pyenv/versions/3.12.7/lib/python3.12/site-packages/django/template/loaders/cached.py", line 57, in get_template
    template = super().get_template(template_name, skip)
               ^^^^^^^^^^^^^^^^^^^^^^^^^^^^^^^^^^^^^^^^^
  File "/Users/beauhall/.pyenv/versions/3.12.7/lib/python3.12/site-packages/django/template/loaders/base.py", line 28, in get_template
    return Template(
           ^^^^^^^^^
  File "/Users/beauhall/.pyenv/versions/3.12.7/lib/python3.12/site-packages/django/template/base.py", line 154, in __init__
    self.nodelist = self.compile_nodelist()
                    ^^^^^^^^^^^^^^^^^^^^^^^
  File "/Users/beauhall/.pyenv/versions/3.12.7/lib/python3.12/site-packages/django/template/base.py", line 200, in compile_nodelist
    return parser.parse()
           ^^^^^^^^^^^^^^
  File "/Users/beauhall/.pyenv/versions/3.12.7/lib/python3.12/site-packages/django/template/base.py", line 513, in parse
    raise self.error(token, e)
  File "/Users/beauhall/.pyenv/versions/3.12.7/lib/python3.12/site-packages/django/template/base.py", line 511, in parse
    compiled_result = compile_func(self, token)
                      ^^^^^^^^^^^^^^^^^^^^^^^^^
  File "/Users/beauhall/.pyenv/versions/3.12.7/lib/python3.12/site-packages/django/template/loader_tags.py", line 293, in do_extends
    nodelist = parser.parse()
               ^^^^^^^^^^^^^^
  File "/Users/beauhall/.pyenv/versions/3.12.7/lib/python3.12/site-packages/django/template/base.py", line 513, in parse
    raise self.error(token, e)
  File "/Users/beauhall/.pyenv/versions/3.12.7/lib/python3.12/site-packages/django/template/base.py", line 511, in parse
    compiled_result = compile_func(self, token)
                      ^^^^^^^^^^^^^^^^^^^^^^^^^
  File "/Users/beauhall/.pyenv/versions/3.12.7/lib/python3.12/site-packages/django/template/loader_tags.py", line 232, in do_block
    nodelist = parser.parse(("endblock",))
               ^^^^^^^^^^^^^^^^^^^^^^^^^^^
  File "/Users/beauhall/.pyenv/versions/3.12.7/lib/python3.12/site-packages/django/template/base.py", line 513, in parse
    raise self.error(token, e)
  File "/Users/beauhall/.pyenv/versions/3.12.7/lib/python3.12/site-packages/django/template/base.py", line 511, in parse
    compiled_result = compile_func(self, token)
                      ^^^^^^^^^^^^^^^^^^^^^^^^^
  File "/Users/beauhall/.pyenv/versions/3.12.7/lib/python3.12/site-packages/django/template/defaulttags.py", line 953, in do_if
    nodelist = parser.parse(("elif", "else", "endif"))
               ^^^^^^^^^^^^^^^^^^^^^^^^^^^^^^^^^^^^^^^
  File "/Users/beauhall/.pyenv/versions/3.12.7/lib/python3.12/site-packages/django/template/base.py", line 507, in parse
    self.invalid_block_tag(token, command, parse_until)
  File "/Users/beauhall/.pyenv/versions/3.12.7/lib/python3.12/site-packages/django/template/base.py", line 558, in invalid_block_tag
    raise self.error(
django.template.exceptions.TemplateSyntaxError: Invalid block tag on line 30: 'querystring', expected 'elif', 'else' or 'endif'. Did you forget to register or load this tag?
2026-06-21 23:13:49,371 [ERROR] django.request: Internal Server Error: /
Traceback (most recent call last):
  File "/Users/beauhall/.pyenv/versions/3.12.7/lib/python3.12/site-packages/django/template/base.py", line 505, in parse
    compile_func = self.tags[command]
                   ~~~~~~~~~^^^^^^^^^
KeyError: 'querystring'

During handling of the above exception, another exception occurred:

Traceback (most recent call last):
  File "/Users/beauhall/.pyenv/versions/3.12.7/lib/python3.12/site-packages/django/core/handlers/exception.py", line 55, in inner
    response = get_response(request)
               ^^^^^^^^^^^^^^^^^^^^^
  File "/Users/beauhall/.pyenv/versions/3.12.7/lib/python3.12/site-packages/django/core/handlers/base.py", line 197, in _get_response
    response = wrapped_callback(request, *callback_args, **callback_kwargs)
               ^^^^^^^^^^^^^^^^^^^^^^^^^^^^^^^^^^^^^^^^^^^^^^^^^^^^^^^^^^^^
  File "/Users/beauhall/.pyenv/versions/3.12.7/lib/python3.12/site-packages/django/contrib/auth/decorators.py", line 23, in _wrapper_view
    return view_func(request, *args, **kwargs)
           ^^^^^^^^^^^^^^^^^^^^^^^^^^^^^^^^^^^
  File "/Users/beauhall/projects/todo/todos/views.py", line 114, in todo_list
    return render(request, 'todos/list.html', _list_context(request))
           ^^^^^^^^^^^^^^^^^^^^^^^^^^^^^^^^^^^^^^^^^^^^^^^^^^^^^^^^^^
  File "/Users/beauhall/.pyenv/versions/3.12.7/lib/python3.12/site-packages/django/shortcuts.py", line 24, in render
    content = loader.render_to_string(template_name, context, request, using=using)
              ^^^^^^^^^^^^^^^^^^^^^^^^^^^^^^^^^^^^^^^^^^^^^^^^^^^^^^^^^^^^^^^^^^^^^
  File "/Users/beauhall/.pyenv/versions/3.12.7/lib/python3.12/site-packages/django/template/loader.py", line 61, in render_to_string
    template = get_template(template_name, using=using)
               ^^^^^^^^^^^^^^^^^^^^^^^^^^^^^^^^^^^^^^^^
  File "/Users/beauhall/.pyenv/versions/3.12.7/lib/python3.12/site-packages/django/template/loader.py", line 15, in get_template
    return engine.get_template(template_name)
           ^^^^^^^^^^^^^^^^^^^^^^^^^^^^^^^^^^
  File "/Users/beauhall/.pyenv/versions/3.12.7/lib/python3.12/site-packages/django/template/backends/django.py", line 33, in get_template
    return Template(self.engine.get_template(template_name), self)
                    ^^^^^^^^^^^^^^^^^^^^^^^^^^^^^^^^^^^^^^^
  File "/Users/beauhall/.pyenv/versions/3.12.7/lib/python3.12/site-packages/django/template/engine.py", line 175, in get_template
    template, origin = self.find_template(template_name)
                       ^^^^^^^^^^^^^^^^^^^^^^^^^^^^^^^^^
  File "/Users/beauhall/.pyenv/versions/3.12.7/lib/python3.12/site-packages/django/template/engine.py", line 157, in find_template
    template = loader.get_template(name, skip=skip)
               ^^^^^^^^^^^^^^^^^^^^^^^^^^^^^^^^^^^^
  File "/Users/beauhall/.pyenv/versions/3.12.7/lib/python3.12/site-packages/django/template/loaders/cached.py", line 57, in get_template
    template = super().get_template(template_name, skip)
               ^^^^^^^^^^^^^^^^^^^^^^^^^^^^^^^^^^^^^^^^^
  File "/Users/beauhall/.pyenv/versions/3.12.7/lib/python3.12/site-packages/django/template/loaders/base.py", line 28, in get_template
    return Template(
           ^^^^^^^^^
  File "/Users/beauhall/.pyenv/versions/3.12.7/lib/python3.12/site-packages/django/template/base.py", line 154, in __init__
    self.nodelist = self.compile_nodelist()
                    ^^^^^^^^^^^^^^^^^^^^^^^
  File "/Users/beauhall/.pyenv/versions/3.12.7/lib/python3.12/site-packages/django/template/base.py", line 200, in compile_nodelist
    return parser.parse()
           ^^^^^^^^^^^^^^
  File "/Users/beauhall/.pyenv/versions/3.12.7/lib/python3.12/site-packages/django/template/base.py", line 513, in parse
    raise self.error(token, e)
  File "/Users/beauhall/.pyenv/versions/3.12.7/lib/python3.12/site-packages/django/template/base.py", line 511, in parse
    compiled_result = compile_func(self, token)
                      ^^^^^^^^^^^^^^^^^^^^^^^^^
  File "/Users/beauhall/.pyenv/versions/3.12.7/lib/python3.12/site-packages/django/template/loader_tags.py", line 293, in do_extends
    nodelist = parser.parse()
               ^^^^^^^^^^^^^^
  File "/Users/beauhall/.pyenv/versions/3.12.7/lib/python3.12/site-packages/django/template/base.py", line 513, in parse
    raise self.error(token, e)
  File "/Users/beauhall/.pyenv/versions/3.12.7/lib/python3.12/site-packages/django/template/base.py", line 511, in parse
    compiled_result = compile_func(self, token)
                      ^^^^^^^^^^^^^^^^^^^^^^^^^
  File "/Users/beauhall/.pyenv/versions/3.12.7/lib/python3.12/site-packages/django/template/loader_tags.py", line 232, in do_block
    nodelist = parser.parse(("endblock",))
               ^^^^^^^^^^^^^^^^^^^^^^^^^^^
  File "/Users/beauhall/.pyenv/versions/3.12.7/lib/python3.12/site-packages/django/template/base.py", line 513, in parse
    raise self.error(token, e)
  File "/Users/beauhall/.pyenv/versions/3.12.7/lib/python3.12/site-packages/django/template/base.py", line 511, in parse
    compiled_result = compile_func(self, token)
                      ^^^^^^^^^^^^^^^^^^^^^^^^^
  File "/Users/beauhall/.pyenv/versions/3.12.7/lib/python3.12/site-packages/django/template/defaulttags.py", line 953, in do_if
    nodelist = parser.parse(("elif", "else", "endif"))
               ^^^^^^^^^^^^^^^^^^^^^^^^^^^^^^^^^^^^^^^
  File "/Users/beauhall/.pyenv/versions/3.12.7/lib/python3.12/site-packages/django/template/base.py", line 507, in parse
    self.invalid_block_tag(token, command, parse_until)
  File "/Users/beauhall/.pyenv/versions/3.12.7/lib/python3.12/site-packages/django/template/base.py", line 558, in invalid_block_tag
    raise self.error(
django.template.exceptions.TemplateSyntaxError: Invalid block tag on line 30: 'querystring', expected 'elif', 'else' or 'endif'. Did you forget to register or load this tag?
